<?xml version="1.0" encoding="UTF-8"?>
<!-- Generated by org.testng.reporters.JUnitXMLReporter -->
<testsuite hostname="DESKTOP-LTCNF9N" ignored="0" name="TestforIE" tests="1" failures="1" timestamp="02 Apr 2019 13:22:48 GMT" time="0.011" errors="0">
  <testcase name="VerifyTitle" time="0.008" classname="Note.CrossBrowser_Verify">
    <failure type="java.lang.IllegalStateException" message="The driver executable does not exist: C:\Users\Admin\eclipse-workspace\Fundoo Notes\.\server\IEDriverServer.exe">
      <![CDATA[java.lang.IllegalStateException: The driver executable does not exist: C:\Users\Admin\eclipse-workspace\Fundoo Notes\.\server\IEDriverServer.exe
at com.google.common.base.Preconditions.checkState(Preconditions.java:534)
at org.openqa.selenium.remote.service.DriverService.checkExecutable(DriverService.java:136)
at org.openqa.selenium.remote.service.DriverService.findExecutable(DriverService.java:131)
at org.openqa.selenium.ie.InternetExplorerDriverService.access$000(InternetExplorerDriverService.java:32)
at org.openqa.selenium.ie.InternetExplorerDriverService$Builder.findDefaultExecutable(InternetExplorerDriverService.java:167)
at org.openqa.selenium.remote.service.DriverService$Builder.build(DriverService.java:339)
at org.openqa.selenium.ie.InternetExplorerDriver.setupService(InternetExplorerDriver.java:291)
at org.openqa.selenium.ie.InternetExplorerDriver.<init>(InternetExplorerDriver.java:213)
at org.openqa.selenium.ie.InternetExplorerDriver.<init>(InternetExplorerDriver.java:152)
at Note.CrossBrowser_Verify.VerifyTitle(CrossBrowser_Verify.java:29)
... Removed 25 stack frames]]>
    </failure>
  </testcase> <!-- VerifyTitle -->
</testsuite> <!-- TestforIE -->
